<?xml version="1.0" encoding="UTF-8"?>
<!-- Generated by org.testng.reporters.JUnitXMLReporter -->
<testsuite ignored="2" hostname="DESKTOP-N1VIHBO" failures="1" tests="1" name="ChromeBrowser" time="13.224" errors="0" timestamp="2023-02-16T19:46:21 IST">
  <testcase classname="com.obsqura.scripts.LoginPageTest" name="validQaLegendLogin" time="1.482">
    <failure type="org.openqa.selenium.StaleElementReferenceException" message="stale element reference: element is not attached to the page document
  (Session info: MicrosoftEdge=110.0.1587.46)
For documentation on this error, please visit: https://selenium.dev/exceptions/#stale_element_reference
Build info: version: &amp;apos;4.7.2&amp;apos;, revision: &amp;apos;4d4020c3b7&amp;apos;
System info: os.name: &amp;apos;Windows 10&amp;apos;, os.arch: &amp;apos;amd64&amp;apos;, os.version: &amp;apos;10.0&amp;apos;, java.version: &amp;apos;11.0.2&amp;apos;
Driver info: org.openqa.selenium.edge.EdgeDriver
Command: [bc481894af7604270c2f00bb014b6503, clickElement {id=58f774d9-b513-4699-86d1-26f8436bfe97}]
Capabilities {acceptInsecureCerts: false, browserName: msedge, browserVersion: 110.0.1587.46, ms:edgeOptions: {debuggerAddress: localhost:50441}, msedge: {msedgedriverVersion: 110.0.1587.46 (2d93e523d0a6..., userDataDir: C:\Users\ABHIRAM\AppData\Lo...}, networkConnectionEnabled: false, pageLoadStrategy: normal, platformName: WINDOWS, proxy: Proxy(), se:cdp: ws://localhost:50441/devtoo..., se:cdpVersion: 110.0.1587.46, setWindowRect: true, strictFileInteractability: false, timeouts: {implicit: 0, pageLoad: 300000, script: 30000}, unhandledPromptBehavior: dismiss and notify, webauthn:extension:credBlob: true, webauthn:extension:largeBlob: true, webauthn:virtualAuthenticators: true}
Element: [[EdgeDriver: msedge on WINDOWS (bc481894af7604270c2f00bb014b6503)] -&amp;gt; xpath: //button[@type=&amp;apos;submit&amp;apos; and @class=&amp;apos;btn btn-primary&amp;apos;]]
Session ID: bc481894af7604270c2f00bb014b6503">
      <![CDATA[org.openqa.selenium.StaleElementReferenceException: stale element reference: element is not attached to the page document
  (Session info: MicrosoftEdge=110.0.1587.46)
For documentation on this error, please visit: https://selenium.dev/exceptions/#stale_element_reference
Build info: version: '4.7.2', revision: '4d4020c3b7'
System info: os.name: 'Windows 10', os.arch: 'amd64', os.version: '10.0', java.version: '11.0.2'
Driver info: org.openqa.selenium.edge.EdgeDriver
Command: [bc481894af7604270c2f00bb014b6503, clickElement {id=58f774d9-b513-4699-86d1-26f8436bfe97}]
Capabilities {acceptInsecureCerts: false, browserName: msedge, browserVersion: 110.0.1587.46, ms:edgeOptions: {debuggerAddress: localhost:50441}, msedge: {msedgedriverVersion: 110.0.1587.46 (2d93e523d0a6..., userDataDir: C:\Users\ABHIRAM\AppData\Lo...}, networkConnectionEnabled: false, pageLoadStrategy: normal, platformName: WINDOWS, proxy: Proxy(), se:cdp: ws://localhost:50441/devtoo..., se:cdpVersion: 110.0.1587.46, setWindowRect: true, strictFileInteractability: false, timeouts: {implicit: 0, pageLoad: 300000, script: 30000}, unhandledPromptBehavior: dismiss and notify, webauthn:extension:credBlob: true, webauthn:extension:largeBlob: true, webauthn:virtualAuthenticators: true}
Element: [[EdgeDriver: msedge on WINDOWS (bc481894af7604270c2f00bb014b6503)] -> xpath: //button[@type='submit' and @class='btn btn-primary']]
Session ID: bc481894af7604270c2f00bb014b6503
at org.openqa.selenium.remote.codec.w3c.W3CHttpResponseCodec.createException(W3CHttpResponseCodec.java:200)
at org.openqa.selenium.remote.codec.w3c.W3CHttpResponseCodec.decode(W3CHttpResponseCodec.java:133)
at org.openqa.selenium.remote.codec.w3c.W3CHttpResponseCodec.decode(W3CHttpResponseCodec.java:53)
at org.openqa.selenium.remote.HttpCommandExecutor.execute(HttpCommandExecutor.java:184)
at org.openqa.selenium.remote.service.DriverCommandExecutor.invokeExecute(DriverCommandExecutor.java:167)
at org.openqa.selenium.remote.service.DriverCommandExecutor.execute(DriverCommandExecutor.java:142)
at org.openqa.selenium.remote.RemoteWebDriver.execute(RemoteWebDriver.java:535)
at org.openqa.selenium.remote.RemoteWebElement.execute(RemoteWebElement.java:257)
at org.openqa.selenium.remote.RemoteWebElement.click(RemoteWebElement.java:78)
at org.openqa.selenium.support.pagefactory.internal.LocatingElementHandler.invoke(LocatingElementHandler.java:52)
at com.sun.proxy.$Proxy17.click(Unknown Source)
at com.obsqura.pages.LoginPage.userLogin(LoginPage.java:34)
at com.obsqura.scripts.LoginPageTest.validQaLegendLogin(LoginPageTest.java:18)
at java.base/java.util.ArrayList.forEach(ArrayList.java:1540)
at java.base/java.util.concurrent.FutureTask.run(FutureTask.java:264)
at java.base/java.util.concurrent.ThreadPoolExecutor.runWorker(ThreadPoolExecutor.java:1128)
at java.base/java.util.concurrent.ThreadPoolExecutor$Worker.run(ThreadPoolExecutor.java:628)
at java.base/java.lang.Thread.run(Thread.java:834)
... Removed 25 stack frames]]>
    </failure>
  </testcase> <!-- validQaLegendLogin -->
  <testcase classname="com.obsqura.scripts.TestHelper" name="@BeforeTest openBrowser" time="0.0">
    <ignored/>
  </testcase> <!-- @BeforeTest openBrowser -->
  <testcase classname="com.obsqura.scripts.TestHelper" name="@AfterTest afterTest" time="0.0">
    <ignored/>
  </testcase> <!-- @AfterTest afterTest -->
</testsuite> <!-- ChromeBrowser -->
